[debug] [2020-05-11T19:31:49.217Z] ----------------------------------------------------------------------
[debug] [2020-05-11T19:31:49.219Z] Command:       C:\Program Files\nodejs\node.exe C:\Users\Saba Shavidze\AppData\Roaming\npm\node_modules\firebase-tools\lib\bin\firebase.js deploy
[debug] [2020-05-11T19:31:49.219Z] CLI Version:   8.2.0
[debug] [2020-05-11T19:31:49.219Z] Platform:      win32
[debug] [2020-05-11T19:31:49.219Z] Node Version:  v12.16.1
[debug] [2020-05-11T19:31:49.220Z] Time:          Mon May 11 2020 12:31:49 GMT-0700 (Pacific Daylight Time)
[debug] [2020-05-11T19:31:49.220Z] ----------------------------------------------------------------------
[debug] [2020-05-11T19:31:49.220Z] 
[debug] [2020-05-11T19:31:49.228Z] > command requires scopes: ["email","openid","https://www.googleapis.com/auth/cloudplatformprojects.readonly","https://www.googleapis.com/auth/firebase","https://www.googleapis.com/auth/cloud-platform"]
[debug] [2020-05-11T19:31:49.228Z] > authorizing via signed-in user
[debug] [2020-05-11T19:31:49.228Z] [iam] checking project pmanagement-system for permissions ["cloudfunctions.functions.create","cloudfunctions.functions.delete","cloudfunctions.functions.get","cloudfunctions.functions.list","cloudfunctions.functions.update","cloudfunctions.operations.get","firebase.projects.get","firebasehosting.sites.update"]
[debug] [2020-05-11T19:31:49.231Z] >>> HTTP REQUEST POST https://cloudresourcemanager.googleapis.com/v1/projects/pmanagement-system:testIamPermissions  
 {"permissions":["cloudfunctions.functions.create","cloudfunctions.functions.delete","cloudfunctions.functions.get","cloudfunctions.functions.list","cloudfunctions.functions.update","cloudfunctions.operations.get","firebase.projects.get","firebasehosting.sites.update"]}
[debug] [2020-05-11T19:31:49.708Z] <<< HTTP RESPONSE 200 {"content-type":"application/json; charset=UTF-8","vary":"X-Origin, Referer, Origin,Accept-Encoding","date":"Mon, 11 May 2020 19:31:50 GMT","server":"ESF","cache-control":"private","x-xss-protection":"0","x-frame-options":"SAMEORIGIN","x-content-type-options":"nosniff","server-timing":"gfet4t7; dur=134","alt-svc":"h3-27=\":443\"; ma=2592000,h3-25=\":443\"; ma=2592000,h3-T050=\":443\"; ma=2592000,h3-Q050=\":443\"; ma=2592000,h3-Q049=\":443\"; ma=2592000,h3-Q048=\":443\"; ma=2592000,h3-Q046=\":443\"; ma=2592000,h3-Q043=\":443\"; ma=2592000,quic=\":443\"; ma=2592000; v=\"46,43\"","accept-ranges":"none","transfer-encoding":"chunked"}
[debug] [2020-05-11T19:31:49.710Z] >>> HTTP REQUEST POST https://iam.googleapis.com/v1/projects/pmanagement-system/serviceAccounts/pmanagement-system@appspot.gserviceaccount.com:testIamPermissions  
 {"permissions":["iam.serviceAccounts.actAs"]}
[debug] [2020-05-11T19:31:50.160Z] <<< HTTP RESPONSE 200 {"content-type":"application/json; charset=UTF-8","vary":"X-Origin, Referer, Origin,Accept-Encoding","date":"Mon, 11 May 2020 19:31:50 GMT","server":"ESF","cache-control":"private","x-xss-protection":"0","x-frame-options":"SAMEORIGIN","x-content-type-options":"nosniff","alt-svc":"h3-27=\":443\"; ma=2592000,h3-25=\":443\"; ma=2592000,h3-Q050=\":443\"; ma=2592000,h3-Q049=\":443\"; ma=2592000,h3-Q048=\":443\"; ma=2592000,h3-Q046=\":443\"; ma=2592000,h3-Q043=\":443\"; ma=2592000,quic=\":443\"; ma=2592000; v=\"46,43\"","accept-ranges":"none","transfer-encoding":"chunked"}
[debug] [2020-05-11T19:31:50.164Z] >>> HTTP REQUEST GET https://firebase.googleapis.com/v1beta1/projects/pmanagement-system  
 
[debug] [2020-05-11T19:31:50.605Z] <<< HTTP RESPONSE 200 {"content-type":"application/json; charset=UTF-8","vary":"X-Origin, Referer, Origin,Accept-Encoding","date":"Mon, 11 May 2020 19:31:51 GMT","server":"ESF","cache-control":"private","x-xss-protection":"0","x-frame-options":"SAMEORIGIN","x-content-type-options":"nosniff","alt-svc":"h3-27=\":443\"; ma=2592000,h3-25=\":443\"; ma=2592000,h3-Q050=\":443\"; ma=2592000,h3-Q049=\":443\"; ma=2592000,h3-Q048=\":443\"; ma=2592000,h3-Q046=\":443\"; ma=2592000,h3-Q043=\":443\"; ma=2592000,quic=\":443\"; ma=2592000; v=\"46,43\"","accept-ranges":"none","transfer-encoding":"chunked"}
[info] 
[info] === Deploying to 'pmanagement-system'...
[info] 
[info] i  deploying functions, hosting
[debug] [2020-05-11T19:31:53.312Z] > [functions] package.json contents: {
  "name": "functions",
  "description": "Cloud Functions for Firebase",
  "scripts": {
    "serve": "firebase emulators:start --only functions",
    "shell": "firebase functions:shell",
    "start": "npm run shell",
    "deploy": "firebase deploy --only functions",
    "logs": "firebase functions:log"
  },
  "engines": {
    "node": "8"
  },
  "dependencies": {
    "firebase-admin": "^8.10.0",
    "firebase-functions": "^3.6.1"
  },
  "devDependencies": {
    "firebase-functions-test": "^0.2.0"
  },
  "private": true
}
[info] i  functions: ensuring required API cloudfunctions.googleapis.com is enabled...
[debug] [2020-05-11T19:31:54.466Z] [functions] runtime dependency check dates: warning: 2020-05-14T00:00:00.000Z error: 2020-06-23T00:00:00.000Z
[debug] [2020-05-11T19:31:54.466Z] >>> HTTP REQUEST GET https://serviceusage.googleapis.com/v1/projects/pmanagement-system/services/cloudfunctions.googleapis.com  
 
[debug] [2020-05-11T19:31:54.467Z] >>> HTTP REQUEST GET https://serviceusage.googleapis.com/v1/projects/pmanagement-system/services/runtimeconfig.googleapis.com  
 
[debug] [2020-05-11T19:31:55.623Z] <<< HTTP RESPONSE 200 {"content-type":"application/json; charset=UTF-8","vary":"X-Origin, Referer, Origin,Accept-Encoding","date":"Mon, 11 May 2020 19:31:56 GMT","server":"ESF","cache-control":"private","x-xss-protection":"0","x-frame-options":"SAMEORIGIN","x-content-type-options":"nosniff","alt-svc":"h3-27=\":443\"; ma=2592000,h3-25=\":443\"; ma=2592000,h3-Q050=\":443\"; ma=2592000,h3-Q049=\":443\"; ma=2592000,h3-Q048=\":443\"; ma=2592000,h3-Q046=\":443\"; ma=2592000,h3-Q043=\":443\"; ma=2592000,quic=\":443\"; ma=2592000; v=\"46,43\"","accept-ranges":"none","transfer-encoding":"chunked"}
[debug] [2020-05-11T19:31:55.743Z] <<< HTTP RESPONSE 200 {"content-type":"application/json; charset=UTF-8","vary":"X-Origin, Referer, Origin,Accept-Encoding","date":"Mon, 11 May 2020 19:31:56 GMT","server":"ESF","cache-control":"private","x-xss-protection":"0","x-frame-options":"SAMEORIGIN","x-content-type-options":"nosniff","alt-svc":"h3-27=\":443\"; ma=2592000,h3-25=\":443\"; ma=2592000,h3-Q050=\":443\"; ma=2592000,h3-Q049=\":443\"; ma=2592000,h3-Q048=\":443\"; ma=2592000,h3-Q046=\":443\"; ma=2592000,h3-Q043=\":443\"; ma=2592000,quic=\":443\"; ma=2592000; v=\"46,43\"","accept-ranges":"none","transfer-encoding":"chunked"}
[info] +  functions: required API cloudfunctions.googleapis.com is enabled
[debug] [2020-05-11T19:31:55.748Z] >>> HTTP REQUEST GET https://firebase.googleapis.com/v1beta1/projects/pmanagement-system/adminSdkConfig  
 
[debug] [2020-05-11T19:31:56.074Z] <<< HTTP RESPONSE 200 {"content-type":"application/json; charset=UTF-8","vary":"X-Origin, Referer, Origin,Accept-Encoding","date":"Mon, 11 May 2020 19:31:56 GMT","server":"ESF","cache-control":"private","x-xss-protection":"0","x-frame-options":"SAMEORIGIN","x-content-type-options":"nosniff","alt-svc":"h3-27=\":443\"; ma=2592000,h3-25=\":443\"; ma=2592000,h3-Q050=\":443\"; ma=2592000,h3-Q049=\":443\"; ma=2592000,h3-Q048=\":443\"; ma=2592000,h3-Q046=\":443\"; ma=2592000,h3-Q043=\":443\"; ma=2592000,quic=\":443\"; ma=2592000; v=\"46,43\"","accept-ranges":"none","transfer-encoding":"chunked"}
[debug] [2020-05-11T19:31:56.079Z] >>> HTTP REQUEST POST https://firebasehosting.googleapis.com/v1beta1/sites/pmanagement-system/versions  
 {"config":{"rewrites":[{"glob":"**","path":"/index.html"}]},"labels":{"deployment-tool":"cli-firebase"}}
[debug] [2020-05-11T19:31:57.749Z] <<< HTTP RESPONSE 200 {"content-type":"application/json; charset=UTF-8","vary":"X-Origin, Referer, Origin,Accept-Encoding","date":"Mon, 11 May 2020 19:31:58 GMT","server":"ESF","cache-control":"private","x-xss-protection":"0","x-frame-options":"SAMEORIGIN","x-content-type-options":"nosniff","alt-svc":"h3-27=\":443\"; ma=2592000,h3-25=\":443\"; ma=2592000,h3-Q050=\":443\"; ma=2592000,h3-Q049=\":443\"; ma=2592000,h3-Q048=\":443\"; ma=2592000,h3-Q046=\":443\"; ma=2592000,h3-Q043=\":443\"; ma=2592000,quic=\":443\"; ma=2592000; v=\"46,43\"","accept-ranges":"none","transfer-encoding":"chunked"}
[info] i  functions: preparing functions directory for uploading...
[debug] [2020-05-11T19:31:57.750Z] >>> HTTP REQUEST GET https://runtimeconfig.googleapis.com/v1beta1/projects/pmanagement-system/configs  
 
[debug] [2020-05-11T19:31:58.222Z] <<< HTTP RESPONSE 200 {"content-type":"application/json; charset=UTF-8","vary":"X-Origin, Referer, Origin,Accept-Encoding","date":"Mon, 11 May 2020 19:31:58 GMT","server":"ESF","cache-control":"private","x-xss-protection":"0","x-frame-options":"SAMEORIGIN","x-content-type-options":"nosniff","alt-svc":"h3-27=\":443\"; ma=2592000,h3-25=\":443\"; ma=2592000,h3-Q050=\":443\"; ma=2592000,h3-Q049=\":443\"; ma=2592000,h3-Q048=\":443\"; ma=2592000,h3-Q046=\":443\"; ma=2592000,h3-Q043=\":443\"; ma=2592000,quic=\":443\"; ma=2592000; v=\"46,43\"","accept-ranges":"none","transfer-encoding":"chunked"}
[info] i  functions: packaged functions (28.08 KB) for uploading
[debug] [2020-05-11T19:31:58.362Z] >>> HTTP REQUEST GET https://cloudfunctions.googleapis.com/v1/projects/pmanagement-system/locations/-/functions  
 
[debug] [2020-05-11T19:31:58.997Z] <<< HTTP RESPONSE 200 {"content-type":"application/json; charset=UTF-8","vary":"X-Origin, Referer, Origin,Accept-Encoding","date":"Mon, 11 May 2020 19:31:59 GMT","server":"ESF","cache-control":"private","x-xss-protection":"0","x-frame-options":"SAMEORIGIN","x-content-type-options":"nosniff","alt-svc":"h3-27=\":443\"; ma=2592000,h3-25=\":443\"; ma=2592000,h3-Q050=\":443\"; ma=2592000,h3-Q049=\":443\"; ma=2592000,h3-Q048=\":443\"; ma=2592000,h3-Q046=\":443\"; ma=2592000,h3-Q043=\":443\"; ma=2592000,quic=\":443\"; ma=2592000; v=\"46,43\"","accept-ranges":"none","transfer-encoding":"chunked"}
[debug] [2020-05-11T19:31:59.001Z] >>> HTTP REQUEST POST https://cloudfunctions.googleapis.com/v1/projects/pmanagement-system/locations/us-central1/functions:generateUploadUrl  
 
[debug] [2020-05-11T19:31:59.634Z] <<< HTTP RESPONSE 200 {"content-type":"application/json; charset=UTF-8","vary":"X-Origin, Referer, Origin,Accept-Encoding","date":"Mon, 11 May 2020 19:32:00 GMT","server":"ESF","cache-control":"private","x-xss-protection":"0","x-frame-options":"SAMEORIGIN","x-content-type-options":"nosniff","alt-svc":"h3-27=\":443\"; ma=2592000,h3-25=\":443\"; ma=2592000,h3-Q050=\":443\"; ma=2592000,h3-Q049=\":443\"; ma=2592000,h3-Q048=\":443\"; ma=2592000,h3-Q046=\":443\"; ma=2592000,h3-Q043=\":443\"; ma=2592000,quic=\":443\"; ma=2592000; v=\"46,43\"","accept-ranges":"none","transfer-encoding":"chunked"}
[debug] [2020-05-11T19:31:59.636Z] >>> HTTP REQUEST PUT https://storage.googleapis.com/gcf-upload-us-central1-5b0968bc-248e-4c49-b6ee-42fd5f3e1d3c/eef190a3-d2c0-4b04-9524-c4faa7826c7c.zip?GoogleAccessId=service-324636520428@gcf-admin-robot.iam.gserviceaccount.com&Expires=1589227320&Signature=CT%2BH6MLwPQkPcSI3x3M2Ao5ZAvjolBxPjE0iFAqOj9Wx1D2NnueGdJEQjyal7yL4LfgdO5FAOsysPyA1dyVCD5NV%2FNMOw6bLsFLIN25TBMOGNB4vdea%2BmJviLU4AfZ%2BWvcZx%2BYIT%2BKGJSSta6bY9YgR5XXgfBPDb5MQx9dCN4aAr6TY9uXfQ3xPfNMbGUpFjmQAI8h4PY9PgyZG%2BnWzPFaQIQBvSBv7Bnu4rhZcSIEhgZwD2CRM3%2F1M2Wdx330LllvSTtmx00a0bsu0d22XNAyBXaMRpifzwukKnmWL1MAi2r7yABPx2U7pL4a4rJDQGLeg3FCXB3Spi97TcI2wAHg%3D%3D  
 <request body omitted>
[debug] [2020-05-11T19:32:00.118Z] <<< HTTP RESPONSE 200 {"x-guploader-uploadid":"AAANsUkiqv0SJ6AxxC-2h4fP-_htMZN_VTORd4Fa7i8PDicA0-3DEL_qw0DT5N3uvkbuCdzDQV2nkBIsQ_fM8qTj6A","etag":"\"9fb9e51719334e0bb12d60a72c770058\"","x-goog-generation":"1589225520839032","x-goog-metageneration":"1","x-goog-hash":"crc32c=YZf0WA==, md5=n7nlFxkzTguxLWCnLHcAWA==","x-goog-stored-content-length":"28759","x-goog-stored-content-encoding":"identity","vary":"Origin","content-length":"0","date":"Mon, 11 May 2020 19:32:00 GMT","server":"UploadServer","content-type":"text/html; charset=UTF-8","alt-svc":"h3-27=\":443\"; ma=2592000,h3-25=\":443\"; ma=2592000,h3-Q050=\":443\"; ma=2592000,h3-Q049=\":443\"; ma=2592000,h3-Q048=\":443\"; ma=2592000,h3-Q046=\":443\"; ma=2592000,h3-Q043=\":443\"; ma=2592000,quic=\":443\"; ma=2592000; v=\"46,43\""}
[info] +  functions: functions folder uploaded successfully
[info] i  hosting[pmanagement-system]: beginning deploy...
[info] i  hosting[pmanagement-system]: found 21 files in dist
[debug] [2020-05-11T19:32:00.852Z] [hosting] hash cache [ZGlzdA] stored for 21 files
[debug] [2020-05-11T19:32:00.853Z] [hosting][hash queue][FINAL] {"max":667,"min":7,"avg":48.04761904761905,"active":0,"complete":21,"success":21,"errored":0,"retried":0,"total":21,"elapsed":681}
[debug] [2020-05-11T19:32:00.853Z] >>> HTTP REQUEST POST https://firebasehosting.googleapis.com/v1beta1/sites/pmanagement-system/versions/92165c0b4a91589c:populateFiles  
 <request body omitted>
[debug] [2020-05-11T19:32:02.050Z] <<< HTTP RESPONSE 200 {"content-type":"application/json; charset=UTF-8","vary":"X-Origin, Referer, Origin,Accept-Encoding","date":"Mon, 11 May 2020 19:32:02 GMT","server":"ESF","cache-control":"private","x-xss-protection":"0","x-frame-options":"SAMEORIGIN","x-content-type-options":"nosniff","alt-svc":"h3-27=\":443\"; ma=2592000,h3-25=\":443\"; ma=2592000,h3-Q050=\":443\"; ma=2592000,h3-Q049=\":443\"; ma=2592000,h3-Q048=\":443\"; ma=2592000,h3-Q046=\":443\"; ma=2592000,h3-Q043=\":443\"; ma=2592000,quic=\":443\"; ma=2592000; v=\"46,43\"","accept-ranges":"none","transfer-encoding":"chunked"}
[debug] [2020-05-11T19:32:02.059Z] [hosting][populate queue][FINAL] {"max":1207,"min":1207,"avg":1207,"active":0,"complete":1,"success":1,"errored":0,"retried":0,"total":1,"elapsed":1215}
[debug] [2020-05-11T19:32:02.059Z] [hosting] uploads queued: 21
[debug] [2020-05-11T19:32:04.823Z] [hosting][upload queue][FINAL] {"max":2772,"min":1809,"avg":2164.809523809524,"active":0,"complete":21,"success":21,"errored":0,"retried":0,"total":21,"elapsed":2772}
[info] +  hosting[pmanagement-system]: file upload complete
[debug] [2020-05-11T19:32:04.824Z] [hosting] deploy completed after 4674ms
[info] i  functions: updating Node.js 8 function helloWorld(us-central1)...
[debug] [2020-05-11T19:32:04.828Z] Trigger is:  {"httpsTrigger":{}}
[info] i  functions: updating Node.js 8 function projectCreated(us-central1)...
[debug] [2020-05-11T19:32:04.829Z] Trigger is:  {"eventTrigger":{"resource":"projects/pmanagement-system/databases/(default)/documents/projects/{projectId}","eventType":"providers/cloud.firestore/eventTypes/document.create","service":"firestore.googleapis.com"}}
[info] i  functions: updating Node.js 8 function userJoined(us-central1)...
[debug] [2020-05-11T19:32:04.829Z] Trigger is:  {"eventTrigger":{"resource":"projects/pmanagement-system","eventType":"providers/firebase.auth/eventTypes/user.create","service":"firebaseauth.googleapis.com"}}
[debug] [2020-05-11T19:32:04.831Z] >>> HTTP REQUEST GET https://serviceusage.googleapis.com/v1/projects/pmanagement-system/services/cloudscheduler.googleapis.com  
 
[debug] [2020-05-11T19:32:05.910Z] <<< HTTP RESPONSE 200 {"content-type":"application/json; charset=UTF-8","vary":"X-Origin, Referer, Origin,Accept-Encoding","date":"Mon, 11 May 2020 19:32:06 GMT","server":"ESF","cache-control":"private","x-xss-protection":"0","x-frame-options":"SAMEORIGIN","x-content-type-options":"nosniff","alt-svc":"h3-27=\":443\"; ma=2592000,h3-25=\":443\"; ma=2592000,h3-Q050=\":443\"; ma=2592000,h3-Q049=\":443\"; ma=2592000,h3-Q048=\":443\"; ma=2592000,h3-Q046=\":443\"; ma=2592000,h3-Q043=\":443\"; ma=2592000,quic=\":443\"; ma=2592000; v=\"46,43\"","accept-ranges":"none","transfer-encoding":"chunked"}
[debug] [2020-05-11T19:32:05.915Z] >>> HTTP REQUEST PATCH https://cloudfunctions.googleapis.com/v1/projects/pmanagement-system/locations/us-central1/functions/helloWorld {"updateMask":"sourceUploadUrl,name,labels,runtime,httpsTrigger"} 
 {"sourceUploadUrl":"https://storage.googleapis.com/gcf-upload-us-central1-5b0968bc-248e-4c49-b6ee-42fd5f3e1d3c/eef190a3-d2c0-4b04-9524-c4faa7826c7c.zip?GoogleAccessId=service-324636520428@gcf-admin-robot.iam.gserviceaccount.com&Expires=1589227320&Signature=CT%2BH6MLwPQkPcSI3x3M2Ao5ZAvjolBxPjE0iFAqOj9Wx1D2NnueGdJEQjyal7yL4LfgdO5FAOsysPyA1dyVCD5NV%2FNMOw6bLsFLIN25TBMOGNB4vdea%2BmJviLU4AfZ%2BWvcZx%2BYIT%2BKGJSSta6bY9YgR5XXgfBPDb5MQx9dCN4aAr6TY9uXfQ3xPfNMbGUpFjmQAI8h4PY9PgyZG%2BnWzPFaQIQBvSBv7Bnu4rhZcSIEhgZwD2CRM3%2F1M2Wdx330LllvSTtmx00a0bsu0d22XNAyBXaMRpifzwukKnmWL1MAi2r7yABPx2U7pL4a4rJDQGLeg3FCXB3Spi97TcI2wAHg%3D%3D","name":"projects/pmanagement-system/locations/us-central1/functions/helloWorld","labels":{"deployment-tool":"cli-firebase"},"httpsTrigger":{},"runtime":"nodejs8"}
[debug] [2020-05-11T19:32:05.919Z] >>> HTTP REQUEST PATCH https://cloudfunctions.googleapis.com/v1/projects/pmanagement-system/locations/us-central1/functions/projectCreated {"updateMask":"sourceUploadUrl,name,labels,runtime,eventTrigger.resource,eventTrigger.eventType,eventTrigger.service"} 
 {"sourceUploadUrl":"https://storage.googleapis.com/gcf-upload-us-central1-5b0968bc-248e-4c49-b6ee-42fd5f3e1d3c/eef190a3-d2c0-4b04-9524-c4faa7826c7c.zip?GoogleAccessId=service-324636520428@gcf-admin-robot.iam.gserviceaccount.com&Expires=1589227320&Signature=CT%2BH6MLwPQkPcSI3x3M2Ao5ZAvjolBxPjE0iFAqOj9Wx1D2NnueGdJEQjyal7yL4LfgdO5FAOsysPyA1dyVCD5NV%2FNMOw6bLsFLIN25TBMOGNB4vdea%2BmJviLU4AfZ%2BWvcZx%2BYIT%2BKGJSSta6bY9YgR5XXgfBPDb5MQx9dCN4aAr6TY9uXfQ3xPfNMbGUpFjmQAI8h4PY9PgyZG%2BnWzPFaQIQBvSBv7Bnu4rhZcSIEhgZwD2CRM3%2F1M2Wdx330LllvSTtmx00a0bsu0d22XNAyBXaMRpifzwukKnmWL1MAi2r7yABPx2U7pL4a4rJDQGLeg3FCXB3Spi97TcI2wAHg%3D%3D","name":"projects/pmanagement-system/locations/us-central1/functions/projectCreated","labels":{"deployment-tool":"cli-firebase"},"eventTrigger":{"resource":"projects/pmanagement-system/databases/(default)/documents/projects/{projectId}","eventType":"providers/cloud.firestore/eventTypes/document.create","service":"firestore.googleapis.com"},"runtime":"nodejs8"}
[debug] [2020-05-11T19:32:05.920Z] >>> HTTP REQUEST PATCH https://cloudfunctions.googleapis.com/v1/projects/pmanagement-system/locations/us-central1/functions/userJoined {"updateMask":"sourceUploadUrl,name,labels,runtime,eventTrigger.resource,eventTrigger.eventType,eventTrigger.service"} 
 {"sourceUploadUrl":"https://storage.googleapis.com/gcf-upload-us-central1-5b0968bc-248e-4c49-b6ee-42fd5f3e1d3c/eef190a3-d2c0-4b04-9524-c4faa7826c7c.zip?GoogleAccessId=service-324636520428@gcf-admin-robot.iam.gserviceaccount.com&Expires=1589227320&Signature=CT%2BH6MLwPQkPcSI3x3M2Ao5ZAvjolBxPjE0iFAqOj9Wx1D2NnueGdJEQjyal7yL4LfgdO5FAOsysPyA1dyVCD5NV%2FNMOw6bLsFLIN25TBMOGNB4vdea%2BmJviLU4AfZ%2BWvcZx%2BYIT%2BKGJSSta6bY9YgR5XXgfBPDb5MQx9dCN4aAr6TY9uXfQ3xPfNMbGUpFjmQAI8h4PY9PgyZG%2BnWzPFaQIQBvSBv7Bnu4rhZcSIEhgZwD2CRM3%2F1M2Wdx330LllvSTtmx00a0bsu0d22XNAyBXaMRpifzwukKnmWL1MAi2r7yABPx2U7pL4a4rJDQGLeg3FCXB3Spi97TcI2wAHg%3D%3D","name":"projects/pmanagement-system/locations/us-central1/functions/userJoined","labels":{"deployment-tool":"cli-firebase"},"eventTrigger":{"resource":"projects/pmanagement-system","eventType":"providers/firebase.auth/eventTypes/user.create","service":"firebaseauth.googleapis.com"},"runtime":"nodejs8"}
[debug] [2020-05-11T19:32:06.382Z] <<< HTTP RESPONSE 200 {"content-type":"application/json; charset=UTF-8","vary":"X-Origin, Referer, Origin,Accept-Encoding","date":"Mon, 11 May 2020 19:32:07 GMT","server":"ESF","cache-control":"private","x-xss-protection":"0","x-frame-options":"SAMEORIGIN","x-content-type-options":"nosniff","alt-svc":"h3-27=\":443\"; ma=2592000,h3-25=\":443\"; ma=2592000,h3-Q050=\":443\"; ma=2592000,h3-Q049=\":443\"; ma=2592000,h3-Q048=\":443\"; ma=2592000,h3-Q046=\":443\"; ma=2592000,h3-Q043=\":443\"; ma=2592000,quic=\":443\"; ma=2592000; v=\"46,43\"","accept-ranges":"none","transfer-encoding":"chunked"}
[debug] [2020-05-11T19:32:06.415Z] <<< HTTP RESPONSE 200 {"content-type":"application/json; charset=UTF-8","vary":"X-Origin, Referer, Origin,Accept-Encoding","date":"Mon, 11 May 2020 19:32:07 GMT","server":"ESF","cache-control":"private","x-xss-protection":"0","x-frame-options":"SAMEORIGIN","x-content-type-options":"nosniff","alt-svc":"h3-27=\":443\"; ma=2592000,h3-25=\":443\"; ma=2592000,h3-Q050=\":443\"; ma=2592000,h3-Q049=\":443\"; ma=2592000,h3-Q048=\":443\"; ma=2592000,h3-Q046=\":443\"; ma=2592000,h3-Q043=\":443\"; ma=2592000,quic=\":443\"; ma=2592000; v=\"46,43\"","accept-ranges":"none","transfer-encoding":"chunked"}
[debug] [2020-05-11T19:32:06.430Z] <<< HTTP RESPONSE 200 {"content-type":"application/json; charset=UTF-8","vary":"X-Origin, Referer, Origin,Accept-Encoding","date":"Mon, 11 May 2020 19:32:07 GMT","server":"ESF","cache-control":"private","x-xss-protection":"0","x-frame-options":"SAMEORIGIN","x-content-type-options":"nosniff","alt-svc":"h3-27=\":443\"; ma=2592000,h3-25=\":443\"; ma=2592000,h3-Q050=\":443\"; ma=2592000,h3-Q049=\":443\"; ma=2592000,h3-Q048=\":443\"; ma=2592000,h3-Q046=\":443\"; ma=2592000,h3-Q043=\":443\"; ma=2592000,quic=\":443\"; ma=2592000; v=\"46,43\"","accept-ranges":"none","transfer-encoding":"chunked"}
[debug] [2020-05-11T19:32:06.431Z] >>> HTTP REQUEST GET https://cloudfunctions.googleapis.com/v1/projects/pmanagement-system/locations/-/functions  
 
[debug] [2020-05-11T19:32:06.984Z] <<< HTTP RESPONSE 200 {"content-type":"application/json; charset=UTF-8","vary":"X-Origin, Referer, Origin,Accept-Encoding","date":"Mon, 11 May 2020 19:32:07 GMT","server":"ESF","cache-control":"private","x-xss-protection":"0","x-frame-options":"SAMEORIGIN","x-content-type-options":"nosniff","alt-svc":"h3-27=\":443\"; ma=2592000,h3-25=\":443\"; ma=2592000,h3-Q050=\":443\"; ma=2592000,h3-Q049=\":443\"; ma=2592000,h3-Q048=\":443\"; ma=2592000,h3-Q046=\":443\"; ma=2592000,h3-Q043=\":443\"; ma=2592000,quic=\":443\"; ma=2592000; v=\"46,43\"","accept-ranges":"none","transfer-encoding":"chunked"}
[debug] [2020-05-11T19:32:06.985Z] >>> HTTP REQUEST GET https://cloudfunctions.googleapis.com/v1/operations/cG1hbmFnZW1lbnQtc3lzdGVtL3VzLWNlbnRyYWwxL2hlbGxvV29ybGQvbElrZTByblFMbm8  
 
[debug] [2020-05-11T19:32:06.985Z] >>> HTTP REQUEST GET https://cloudfunctions.googleapis.com/v1/operations/cG1hbmFnZW1lbnQtc3lzdGVtL3VzLWNlbnRyYWwxL3Byb2plY3RDcmVhdGVkL2Uwb281V1hGcXpZ  
 
[debug] [2020-05-11T19:32:06.985Z] >>> HTTP REQUEST GET https://cloudfunctions.googleapis.com/v1/operations/cG1hbmFnZW1lbnQtc3lzdGVtL3VzLWNlbnRyYWwxL3VzZXJKb2luZWQvTGVfSGxKT2VJT28  
 
[debug] [2020-05-11T19:32:07.388Z] <<< HTTP RESPONSE 200 {"content-type":"application/json; charset=UTF-8","vary":"X-Origin, Referer, Origin,Accept-Encoding","date":"Mon, 11 May 2020 19:32:08 GMT","server":"ESF","cache-control":"private","x-xss-protection":"0","x-frame-options":"SAMEORIGIN","x-content-type-options":"nosniff","alt-svc":"h3-27=\":443\"; ma=2592000,h3-25=\":443\"; ma=2592000,h3-Q050=\":443\"; ma=2592000,h3-Q049=\":443\"; ma=2592000,h3-Q048=\":443\"; ma=2592000,h3-Q046=\":443\"; ma=2592000,h3-Q043=\":443\"; ma=2592000,quic=\":443\"; ma=2592000; v=\"46,43\"","accept-ranges":"none","transfer-encoding":"chunked"}
[debug] [2020-05-11T19:32:07.402Z] <<< HTTP RESPONSE 200 {"content-type":"application/json; charset=UTF-8","vary":"X-Origin, Referer, Origin,Accept-Encoding","date":"Mon, 11 May 2020 19:32:08 GMT","server":"ESF","cache-control":"private","x-xss-protection":"0","x-frame-options":"SAMEORIGIN","x-content-type-options":"nosniff","alt-svc":"h3-27=\":443\"; ma=2592000,h3-25=\":443\"; ma=2592000,h3-Q050=\":443\"; ma=2592000,h3-Q049=\":443\"; ma=2592000,h3-Q048=\":443\"; ma=2592000,h3-Q046=\":443\"; ma=2592000,h3-Q043=\":443\"; ma=2592000,quic=\":443\"; ma=2592000; v=\"46,43\"","accept-ranges":"none","transfer-encoding":"chunked"}
[debug] [2020-05-11T19:32:07.407Z] <<< HTTP RESPONSE 200 {"content-type":"application/json; charset=UTF-8","vary":"X-Origin, Referer, Origin,Accept-Encoding","date":"Mon, 11 May 2020 19:32:08 GMT","server":"ESF","cache-control":"private","x-xss-protection":"0","x-frame-options":"SAMEORIGIN","x-content-type-options":"nosniff","alt-svc":"h3-27=\":443\"; ma=2592000,h3-25=\":443\"; ma=2592000,h3-Q050=\":443\"; ma=2592000,h3-Q049=\":443\"; ma=2592000,h3-Q048=\":443\"; ma=2592000,h3-Q046=\":443\"; ma=2592000,h3-Q043=\":443\"; ma=2592000,quic=\":443\"; ma=2592000; v=\"46,43\"","accept-ranges":"none","transfer-encoding":"chunked"}
[debug] [2020-05-11T19:32:09.389Z] >>> HTTP REQUEST GET https://cloudfunctions.googleapis.com/v1/operations/cG1hbmFnZW1lbnQtc3lzdGVtL3VzLWNlbnRyYWwxL3VzZXJKb2luZWQvTGVfSGxKT2VJT28  
 
[debug] [2020-05-11T19:32:09.403Z] >>> HTTP REQUEST GET https://cloudfunctions.googleapis.com/v1/operations/cG1hbmFnZW1lbnQtc3lzdGVtL3VzLWNlbnRyYWwxL3Byb2plY3RDcmVhdGVkL2Uwb281V1hGcXpZ  
 
[debug] [2020-05-11T19:32:09.408Z] >>> HTTP REQUEST GET https://cloudfunctions.googleapis.com/v1/operations/cG1hbmFnZW1lbnQtc3lzdGVtL3VzLWNlbnRyYWwxL2hlbGxvV29ybGQvbElrZTByblFMbm8  
 
[debug] [2020-05-11T19:32:09.759Z] <<< HTTP RESPONSE 200 {"content-type":"application/json; charset=UTF-8","vary":"X-Origin, Referer, Origin,Accept-Encoding","date":"Mon, 11 May 2020 19:32:10 GMT","server":"ESF","cache-control":"private","x-xss-protection":"0","x-frame-options":"SAMEORIGIN","x-content-type-options":"nosniff","alt-svc":"h3-27=\":443\"; ma=2592000,h3-25=\":443\"; ma=2592000,h3-Q050=\":443\"; ma=2592000,h3-Q049=\":443\"; ma=2592000,h3-Q048=\":443\"; ma=2592000,h3-Q046=\":443\"; ma=2592000,h3-Q043=\":443\"; ma=2592000,quic=\":443\"; ma=2592000; v=\"46,43\"","accept-ranges":"none","transfer-encoding":"chunked"}
[debug] [2020-05-11T19:32:09.767Z] <<< HTTP RESPONSE 200 {"content-type":"application/json; charset=UTF-8","vary":"X-Origin, Referer, Origin,Accept-Encoding","date":"Mon, 11 May 2020 19:32:10 GMT","server":"ESF","cache-control":"private","x-xss-protection":"0","x-frame-options":"SAMEORIGIN","x-content-type-options":"nosniff","alt-svc":"h3-27=\":443\"; ma=2592000,h3-25=\":443\"; ma=2592000,h3-Q050=\":443\"; ma=2592000,h3-Q049=\":443\"; ma=2592000,h3-Q048=\":443\"; ma=2592000,h3-Q046=\":443\"; ma=2592000,h3-Q043=\":443\"; ma=2592000,quic=\":443\"; ma=2592000; v=\"46,43\"","accept-ranges":"none","transfer-encoding":"chunked"}
[debug] [2020-05-11T19:32:09.771Z] <<< HTTP RESPONSE 200 {"content-type":"application/json; charset=UTF-8","vary":"X-Origin, Referer, Origin,Accept-Encoding","date":"Mon, 11 May 2020 19:32:10 GMT","server":"ESF","cache-control":"private","x-xss-protection":"0","x-frame-options":"SAMEORIGIN","x-content-type-options":"nosniff","alt-svc":"h3-27=\":443\"; ma=2592000,h3-25=\":443\"; ma=2592000,h3-Q050=\":443\"; ma=2592000,h3-Q049=\":443\"; ma=2592000,h3-Q048=\":443\"; ma=2592000,h3-Q046=\":443\"; ma=2592000,h3-Q043=\":443\"; ma=2592000,quic=\":443\"; ma=2592000; v=\"46,43\"","accept-ranges":"none","transfer-encoding":"chunked"}
